Final/fruit/build/outputs/logs/manifest-merger-release-report.txt
-- Merging decision tree log ---
manifest
ADDED from src\main\AndroidManifest.xml:2:1-70:12
INJECTED from src\main\AndroidManifest.xml:2:1-70:12
INJECTED from src\main\AndroidManifest.xml:2:1-70:12
INJECTED from src\main\AndroidManifest.xml:2:1-70:12
MERGED from [:Origin] AndroidManifest.xml:2:1-27:12
MERGED from [:androidimagepicker] AndroidManifest.xml:2:1-18:12
MERGED from [hanks.xyz:htextview-library:0.1.3] AndroidManifest.xml:2:1-17:12
MERGED from [com.android.support:appcompat-v7:23.3.0] AndroidManifest.xml:17:1-27:12
MERGED from [com.mostafagazar:customshapeimageview:1.0.4] AndroidManifest.xml:2:1-13:12
MERGED from [com.zhy:base-adapter:3.0.3] AndroidManifest.xml:2:1-11:12
MERGED from [in.srain.cube:ptr-load-more:1.0.6] AndroidManifest.xml:2:1-13:12
MERGED from [com.facebook.fresco:fresco:0.9.0] AndroidManifest.xml:2:1-9:12
MERGED from [com.android.support:animated-vector-drawable:23.3.0] AndroidManifest.xml:2:1-9:12
MERGED from [com.android.support:support-vector-drawable:23.3.0] AndroidManifest.xml:2:1-9:12
MERGED from [com.android.support:recyclerview-v7:23.2.0] AndroidManifest.xml:17:1-22:12
MERGED from [com.facebook.fresco:drawee:0.9.0] AndroidManifest.xml:2:1-9:12
MERGED from [com.facebook.fresco:imagepipeline:0.9.0] AndroidManifest.xml:2:1-9:12
MERGED from [com.facebook.fresco:imagepipeline-base:0.9.0] AndroidManifest.xml:2:1-9:12
MERGED from [com.android.support:support-v4:23.3.0] AndroidManifest.xml:17:1-24:12
MERGED from [com.facebook.fresco:fbcore:0.9.0] AndroidManifest.xml:2:1-9:12
INJECTED from src\main\AndroidManifest.xml:2:1-70:12
INJECTED from src\main\AndroidManifest.xml:2:1-70:12
INJECTED from src\main\AndroidManifest.xml:2:1-70:12
	package
		ADDED from src\main\AndroidManifest.xml:3:5-33
		INJECTED from src\main\AndroidManifest.xml
		INJECTED from src\main\AndroidManifest.xml
	android:versionName
		ADDED from src\main\AndroidManifest.xml:5:5-30
		INJECTED from src\main\AndroidManifest.xml
		INJECTED from src\main\AndroidManifest.xml
	xmlns:android
		ADDED from src\main\AndroidManifest.xml:2:11-69
	android:versionCode
		ADDED from src\main\AndroidManifest.xml:4:5-28
		INJECTED from src\main\AndroidManifest.xml
		INJECTED from src\main\AndroidManifest.xml
uses-sdk
ADDED from src\main\AndroidManifest.xml:7:5-9:41
INJECTED from src\main\AndroidManifest.xml:7:5-9:41
INJECTED from src\main\AndroidManifest.xml:7:5-9:41
MERGED from [:Origin] AndroidManifest.xml:7:5-9:41
MERGED from [:Origin] AndroidManifest.xml:7:5-9:41
MERGED from [:androidimagepicker] AndroidManifest.xml:7:5-9:41
MERGED from [:androidimagepicker] AndroidManifest.xml:7:5-9:41
MERGED from [hanks.xyz:htextview-library:0.1.3] AndroidManifest.xml:7:5-9:41
MERGED from [hanks.xyz:htextview-library:0.1.3] AndroidManifest.xml:7:5-9:41
MERGED from [com.android.support:appcompat-v7:23.3.0] AndroidManifest.xml:21:5-23:78
MERGED from [com.android.support:appcompat-v7:23.3.0] AndroidManifest.xml:21:5-23:78
MERGED from [com.mostafagazar:customshapeimageview:1.0.4] AndroidManifest.xml:7:5-9:41
MERGED from [com.mostafagazar:customshapeimageview:1.0.4] AndroidManifest.xml:7:5-9:41
MERGED from [com.zhy:base-adapter:3.0.3] AndroidManifest.xml:7:5-9:41
MERGED from [com.zhy:base-adapter:3.0.3] AndroidManifest.xml:7:5-9:41
MERGED from [in.srain.cube:ptr-load-more:1.0.6] AndroidManifest.xml:7:5-9:41
MERGED from [in.srain.cube:ptr-load-more:1.0.6] AndroidManifest.xml:7:5-9:41
MERGED from [com.facebook.fresco:fresco:0.9.0] AndroidManifest.xml:5:5-7:41
MERGED from [com.facebook.fresco:fresco:0.9.0] AndroidManifest.xml:5:5-7:41
MERGED from [com.android.support:animated-vector-drawable:23.3.0] AndroidManifest.xml:5:5-44
MERGED from [com.android.support:animated-vector-drawable:23.3.0] AndroidManifest.xml:5:5-44
MERGED from [com.android.support:support-vector-drawable:23.3.0] AndroidManifest.xml:5:5-43
MERGED from [com.android.support:support-vector-drawable:23.3.0] AndroidManifest.xml:5:5-43
MERGED from [com.android.support:recyclerview-v7:23.2.0] AndroidManifest.xml:20:5-43
MERGED from [com.android.support:recyclerview-v7:23.2.0] AndroidManifest.xml:20:5-43
MERGED from [com.facebook.fresco:drawee:0.9.0] AndroidManifest.xml:5:5-7:41
MERGED from [com.facebook.fresco:drawee:0.9.0] AndroidManifest.xml:5:5-7:41
MERGED from [com.facebook.fresco:imagepipeline:0.9.0] AndroidManifest.xml:5:5-7:41
MERGED from [com.facebook.fresco:imagepipeline:0.9.0] AndroidManifest.xml:5:5-7:41
MERGED from [com.facebook.fresco:imagepipeline-base:0.9.0] AndroidManifest.xml:5:5-7:41
MERGED from [com.facebook.fresco:imagepipeline-base:0.9.0] AndroidManifest.xml:5:5-7:41
MERGED from [com.android.support:support-v4:23.3.0] AndroidManifest.xml:20:5-43
MERGED from [com.android.support:support-v4:23.3.0] AndroidManifest.xml:20:5-43
MERGED from [com.facebook.fresco:fbcore:0.9.0] AndroidManifest.xml:5:5-7:41
MERGED from [com.facebook.fresco:fbcore:0.9.0] AndroidManifest.xml:5:5-7:41
INJECTED from src\main\AndroidManifest.xml:7:5-9:41
INJECTED from src\main\AndroidManifest.xml:7:5-9:41
	tools:overrideLibrary
		ADDED from [com.android.support:appcompat-v7:23.3.0] AndroidManifest.xml:23:9-75
	android:targetSdkVersion
		ADDED from src\main\AndroidManifest.xml:9:9-38
		INJECTED from src\main\AndroidManifest.xml
		INJECTED from src\main\AndroidManifest.xml
	android:minSdkVersion
		ADDED from src\main\AndroidManifest.xml:8:9-35
		INJECTED from src\main\AndroidManifest.xml
		INJECTED from src\main\AndroidManifest.xml
uses-permission#android.permission.INTERNET
ADDED from src\main\AndroidManifest.xml:11:5-67
	android:name
		ADDED from src\main\AndroidManifest.xml:11:22-64
uses-permission#android.permission.ACCESS_NETWORK_STATE
ADDED from src\main\AndroidManifest.xml:12:5-79
	android:name
		ADDED from src\main\AndroidManifest.xml:12:22-76
uses-permission#android.permission.ACCESS_WIFI_STATE
ADDED from src\main\AndroidManifest.xml:13:5-76
	android:name
		ADDED from src\main\AndroidManifest.xml:13:22-73
uses-permission#android.permission.CAMERA
ADDED from src\main\AndroidManifest.xml:14:5-65
MERGED from [:Origin] AndroidManifest.xml:11:5-65
MERGED from [:Origin] AndroidManifest.xml:11:5-65
	android:name
		ADDED from src\main\AndroidManifest.xml:14:22-62
uses-permission#android.permission.VIBRATE
ADDED from src\main\AndroidManifest.xml:15:5-66
MERGED from [:Origin] AndroidManifest.xml:13:5-66
MERGED from [:Origin] AndroidManifest.xml:13:5-66
	android:name
		ADDED from src\main\AndroidManifest.xml:15:22-63
uses-permission#android.permission.CHANGE_WIFI_STATE
ADDED from src\main\AndroidManifest.xml:16:5-76
	android:name
		ADDED from src\main\AndroidManifest.xml:16:22-73
uses-permission#android.permission.CHANGE_NETWORK_STATE
ADDED from src\main\AndroidManifest.xml:17:5-79
	android:name
		ADDED from src\main\AndroidManifest.xml:17:22-76
uses-permission#android.permission.ACCESS_FINE_LOCATION
ADDED from src\main\AndroidManifest.xml:18:5-79
	android:name
		ADDED from src\main\AndroidManifest.xml:18:22-76
uses-permission#android.permission.ACCESS_COARSE_LOCATION
ADDED from src\main\AndroidManifest.xml:19:5-81
	android:name
		ADDED from src\main\AndroidManifest.xml:19:22-78
uses-permission#android.permission.BLUETOOTH
ADDED from src\main\AndroidManifest.xml:20:5-68
	android:name
		ADDED from src\main\AndroidManifest.xml:20:22-65
uses-permission#android.permission.READ_PHONE_STATE
ADDED from src\main\AndroidManifest.xml:21:5-75
	android:name
		ADDED from src\main\AndroidManifest.xml:21:22-72
uses-permission#android.permission.WAKE_LOCK
ADDED from src\main\AndroidManifest.xml:22:5-68
	android:name
		ADDED from src\main\AndroidManifest.xml:22:22-65
uses-permission#android.permission.CALL_PHONE
ADDED from src\main\AndroidManifest.xml:23:5-68
	android:name
		ADDED from src\main\AndroidManifest.xml:23:22-66
uses-permission#android.permission.WRITE_EXTERNAL_STORAGE
ADDED from src\main\AndroidManifest.xml:24:5-81
MERGED from [:Origin] AndroidManifest.xml:12:5-81
MERGED from [:Origin] AndroidManifest.xml:12:5-81
	android:name
		ADDED from src\main\AndroidManifest.xml:24:22-78
application
ADDED from src\main\AndroidManifest.xml:26:5-68:19
MERGED from [:Origin] AndroidManifest.xml:19:5-25:19
MERGED from [:Origin] AndroidManifest.xml:19:5-25:19
MERGED from [:androidimagepicker] AndroidManifest.xml:11:5-16:19
MERGED from [:androidimagepicker] AndroidManifest.xml:11:5-16:19
MERGED from [hanks.xyz:htextview-library:0.1.3] AndroidManifest.xml:11:5-15:19
MERGED from [hanks.xyz:htextview-library:0.1.3] AndroidManifest.xml:11:5-15:19
MERGED from [com.android.support:appcompat-v7:23.3.0] AndroidManifest.xml:25:5-20
MERGED from [com.android.support:appcompat-v7:23.3.0] AndroidManifest.xml:25:5-20
MERGED from [com.mostafagazar:customshapeimageview:1.0.4] AndroidManifest.xml:11:5-20
MERGED from [com.mostafagazar:customshapeimageview:1.0.4] AndroidManifest.xml:11:5-20
MERGED from [in.srain.cube:ptr-load-more:1.0.6] AndroidManifest.xml:11:5-20
MERGED from [in.srain.cube:ptr-load-more:1.0.6] AndroidManifest.xml:11:5-20
MERGED from [com.android.support:animated-vector-drawable:23.3.0] AndroidManifest.xml:7:5-20
MERGED from [com.android.support:animated-vector-drawable:23.3.0] AndroidManifest.xml:7:5-20
MERGED from [com.android.support:support-vector-drawable:23.3.0] AndroidManifest.xml:7:5-20
MERGED from [com.android.support:support-vector-drawable:23.3.0] AndroidManifest.xml:7:5-20
MERGED from [com.android.support:support-v4:23.3.0] AndroidManifest.xml:22:5-20
MERGED from [com.android.support:support-v4:23.3.0] AndroidManifest.xml:22:5-20
	android:supportsRtl
		ADDED from src\main\AndroidManifest.xml:32:9-35
	android:label
		ADDED from src\main\AndroidManifest.xml:30:9-41
	android:icon
		ADDED from src\main\AndroidManifest.xml:29:9-48
	android:allowBackup
		ADDED from src\main\AndroidManifest.xml:28:9-35
	android:theme
		ADDED from src\main\AndroidManifest.xml:31:9-40
	android:name
		ADDED from src\main\AndroidManifest.xml:27:9-45
activity#com.manbu.mushroom.activity.SplashActivity
ADDED from src\main\AndroidManifest.xml:33:9-41:20
	android:label
		ADDED from src\main\AndroidManifest.xml:35:13-45
	android:name
		ADDED from src\main\AndroidManifest.xml:34:13-52
intent-filter#android.intent.action.MAIN+android.intent.category.LAUNCHER
ADDED from src\main\AndroidManifest.xml:36:13-40:29
action#android.intent.action.MAIN
ADDED from src\main\AndroidManifest.xml:37:17-69
	android:name
		ADDED from src\main\AndroidManifest.xml:37:25-66
category#android.intent.category.LAUNCHER
ADDED from src\main\AndroidManifest.xml:39:17-77
	android:name
		ADDED from src\main\AndroidManifest.xml:39:27-74
activity#com.manbu.mushroom.activity.OrderConfirmActivity
ADDED from src\main\AndroidManifest.xml:42:9-66
	android:name
		ADDED from src\main\AndroidManifest.xml:42:19-64
activity#com.manbu.mushroom.activity.LoginActivity
ADDED from src\main\AndroidManifest.xml:43:9-60
	android:name
		ADDED from src\main\AndroidManifest.xml:43:19-57
activity#com.manbu.mushroom.activity.RegisterActivity
ADDED from src\main\AndroidManifest.xml:44:9-45:62
	android:windowSoftInputMode
		ADDED from src\main\AndroidManifest.xml:45:13-60
	android:name
		ADDED from src\main\AndroidManifest.xml:44:19-60
activity#com.manbu.mushroom.activity.FindPassActivity
ADDED from src\main\AndroidManifest.xml:46:9-63
	android:name
		ADDED from src\main\AndroidManifest.xml:46:19-60
activity#com.manbu.mushroom.activity.MainActivity
ADDED from src\main\AndroidManifest.xml:47:9-48:54
	android:windowSoftInputMode
		ADDED from src\main\AndroidManifest.xml:48:13-52
	android:name
		ADDED from src\main\AndroidManifest.xml:47:19-56
activity#com.manbu.mushroom.activity.SellAddActivity
ADDED from src\main\AndroidManifest.xml:49:9-50:57
	android:windowSoftInputMode
		ADDED from src\main\AndroidManifest.xml:50:13-55
	android:name
		ADDED from src\main\AndroidManifest.xml:49:19-59
activity#com.manbu.mushroom.activity.ProductInfoActivity
ADDED from src\main\AndroidManifest.xml:51:9-66
	android:name
		ADDED from src\main\AndroidManifest.xml:51:19-63
activity#com.manbu.zxinglib.activity.CaptureActivity
ADDED from src\main\AndroidManifest.xml:53:9-59:20
MERGED from [:Origin] AndroidManifest.xml:24:9-80
MERGED from [:Origin] AndroidManifest.xml:24:9-80
	android:screenOrientation
		ADDED from src\main\AndroidManifest.xml:56:13-49
	android:windowSoftInputMode
		ADDED from src\main\AndroidManifest.xml:58:13-60
	android:configChanges
		ADDED from src\main\AndroidManifest.xml:55:13-63
	android:theme
		ADDED from src\main\AndroidManifest.xml:57:13-71
	android:name
		ADDED from src\main\AndroidManifest.xml:54:13-71
activity#com.redare.imagepicker.activity.ImagesGridActivity
ADDED from src\main\AndroidManifest.xml:61:9-63:51
	android:screenOrientation
		ADDED from src\main\AndroidManifest.xml:63:13-49
	android:name
		ADDED from src\main\AndroidManifest.xml:62:13-78
activity#com.redare.imagepicker.activity.ImagePreviewActivity
ADDED from src\main\AndroidManifest.xml:64:9-65:51
	android:screenOrientation
		ADDED from src\main\AndroidManifest.xml:65:13-49
	android:name
		ADDED from src\main\AndroidManifest.xml:64:19-86
activity#com.redare.imagepicker.activity.PreviewDelActivity
ADDED from src\main\AndroidManifest.xml:66:9-67:47
MERGED from [:androidimagepicker] AndroidManifest.xml:15:9-87
MERGED from [:androidimagepicker] AndroidManifest.xml:15:9-87
	android:screenOrientation
		ADDED from src\main\AndroidManifest.xml:67:9-45
	android:name
		ADDED from src\main\AndroidManifest.xml:66:19-84
uses-permission#android.permission.FLASHLIGHT
ADDED from [:Origin] AndroidManifest.xml:14:5-69
	android:name
		ADDED from [:Origin] AndroidManifest.xml:14:22-66
uses-feature#android.hardware.camera
ADDED from [:Origin] AndroidManifest.xml:16:5-60
	android:name
		ADDED from [:Origin] AndroidManifest.xml:16:19-57
uses-feature#android.hardware.camera.autofocus
ADDED from [:Origin] AndroidManifest.xml:17:5-70
	android:name
		ADDED from [:Origin] AndroidManifest.xml:17:19-67